<?xml version="1.0" encoding="UTF-8"?>
<testng-results skipped="0" failed="1" ignored="0" total="1" passed="0">
  <reporter-output>
    <line>
      <![CDATA[createaccount]]>
    </line>
    <line>
      <![CDATA[Login with new credentials]]>
    </line>
    <line>
      <![CDATA[Go to women section]]>
    </line>
    <line>
      <![CDATA[Logout from app]]>
    </line>
    <line>
      <![CDATA[close browser,true]]>
    </line>
  </reporter-output>
  <suite name="Default suite" duration-ms="57865" started-at="2020-09-28T11:25:59 IST" finished-at="2020-09-28T11:26:57 IST">
    <groups>
    </groups>
    <test name="Default test" duration-ms="57865" started-at="2020-09-28T11:25:59 IST" finished-at="2020-09-28T11:26:57 IST">
      <class name="assignmentQATest.assignmentQAlogintest">
        <test-method status="PASS" signature="CreateAcc()[pri:0, instance:assignmentQATest.assignmentQAlogintest@e52dcd]" name="CreateAcc" is-config="true" duration-ms="32879" started-at="2020-09-28T11:25:59 IST" finished-at="2020-09-28T11:26:32 IST">
          <reporter-output>
            <line>
              <![CDATA[createaccount]]>
            </line>
          </reporter-output>
        </test-method> <!-- CreateAcc -->
        <test-method status="PASS" signature="logintoapp()[pri:0, instance:assignmentQATest.assignmentQAlogintest@e52dcd]" name="logintoapp" is-config="true" duration-ms="4301" started-at="2020-09-28T11:26:32 IST" finished-at="2020-09-28T11:26:36 IST">
          <reporter-output>
            <line>
              <![CDATA[Login with new credentials]]>
            </line>
          </reporter-output>
        </test-method> <!-- logintoapp -->
        <test-method status="FAIL" signature="womensection()[pri:0, instance:assignmentQATest.assignmentQAlogintest@e52dcd]" name="womensection" duration-ms="20607" started-at="2020-09-28T11:26:36 IST" finished-at="2020-09-28T11:26:57 IST">
          <exception class="org.openqa.selenium.JavascriptException">
            <message>
              <![CDATA[javascript error: Failed to execute 'elementsFromPoint' on 'Document': The provided double value is non-finite.
  (Session info: chrome=85.0.4183.121)
Build info: version: '3.141.59', revision: 'e82be7d358', time: '2018-11-14T08:25:48'
System info: host: 'FANTASTIC-PC', ip: '192.168.43.243', os.name: 'Windows 7', os.arch: 'x86', os.version: '6.1', java.version: '1.8.0_241'
Driver info: org.openqa.selenium.chrome.ChromeDriver
Capabilities {acceptInsecureCerts: false, browserName: chrome, browserVersion: 85.0.4183.121, chrome: {chromedriverVersion: 85.0.4183.87 (cd6713ebf92fa..., userDataDir: C:\Users\FANTAS~1\AppData\L...}, goog:chromeOptions: {debuggerAddress: localhost:57030}, javascriptEnabled: true, networkConnectionEnabled: false, pageLoadStrategy: normal, platform: WINDOWS, platformName: WINDOWS, proxy: Proxy(), setWindowRect: true, strictFileInteractability: false, timeouts: {implicit: 0, pageLoad: 300000, script: 30000}, unhandledPromptBehavior: dismiss and notify, webauthn:virtualAuthenticators: true}
Session ID: d302ea571282170964a0ecb648268e58]]>
            </message>
            <full-stacktrace>
              <![CDATA[org.openqa.selenium.JavascriptException: javascript error: Failed to execute 'elementsFromPoint' on 'Document': The provided double value is non-finite.
  (Session info: chrome=85.0.4183.121)
Build info: version: '3.141.59', revision: 'e82be7d358', time: '2018-11-14T08:25:48'
System info: host: 'FANTASTIC-PC', ip: '192.168.43.243', os.name: 'Windows 7', os.arch: 'x86', os.version: '6.1', java.version: '1.8.0_241'
Driver info: org.openqa.selenium.chrome.ChromeDriver
Capabilities {acceptInsecureCerts: false, browserName: chrome, browserVersion: 85.0.4183.121, chrome: {chromedriverVersion: 85.0.4183.87 (cd6713ebf92fa..., userDataDir: C:\Users\FANTAS~1\AppData\L...}, goog:chromeOptions: {debuggerAddress: localhost:57030}, javascriptEnabled: true, networkConnectionEnabled: false, pageLoadStrategy: normal, platform: WINDOWS, platformName: WINDOWS, proxy: Proxy(), setWindowRect: true, strictFileInteractability: false, timeouts: {implicit: 0, pageLoad: 300000, script: 30000}, unhandledPromptBehavior: dismiss and notify, webauthn:virtualAuthenticators: true}
Session ID: d302ea571282170964a0ecb648268e58
at sun.reflect.NativeConstructorAccessorImpl.newInstance0(Native Method)
at sun.reflect.NativeConstructorAccessorImpl.newInstance(Unknown Source)
at sun.reflect.DelegatingConstructorAccessorImpl.newInstance(Unknown Source)
at java.lang.reflect.Constructor.newInstance(Unknown Source)
at org.openqa.selenium.remote.http.W3CHttpResponseCodec.createException(W3CHttpResponseCodec.java:187)
at org.openqa.selenium.remote.http.W3CHttpResponseCodec.decode(W3CHttpResponseCodec.java:122)
at org.openqa.selenium.remote.http.W3CHttpResponseCodec.decode(W3CHttpResponseCodec.java:49)
at org.openqa.selenium.remote.HttpCommandExecutor.execute(HttpCommandExecutor.java:158)
at org.openqa.selenium.remote.service.DriverCommandExecutor.execute(DriverCommandExecutor.java:83)
at org.openqa.selenium.remote.RemoteWebDriver.execute(RemoteWebDriver.java:552)
at org.openqa.selenium.remote.RemoteWebDriver.perform(RemoteWebDriver.java:618)
at org.openqa.selenium.interactions.Actions$BuiltAction.perform(Actions.java:639)
at org.openqa.selenium.interactions.Actions.perform(Actions.java:595)
at assignmentQATest.womanSectionpage.clickwomensectionproceedchk1(womanSectionpage.java:105)
at assignmentQATest.assignmentQAlogintest.womensection(assignmentQAlogintest.java:79)
at sun.reflect.NativeMethodAccessorImpl.invoke0(Native Method)
at sun.reflect.NativeMethodAccessorImpl.invoke(Unknown Source)
at sun.reflect.DelegatingMethodAccessorImpl.invoke(Unknown Source)
at java.lang.reflect.Method.invoke(Unknown Source)
at org.testng.internal.MethodInvocationHelper.invokeMethod(MethodInvocationHelper.java:132)
at org.testng.internal.TestInvoker.invokeMethod(TestInvoker.java:599)
at org.testng.internal.TestInvoker.invokeTestMethod(TestInvoker.java:174)
at org.testng.internal.MethodRunner.runInSequence(MethodRunner.java:46)
at org.testng.internal.TestInvoker$MethodInvocationAgent.invoke(TestInvoker.java:822)
at org.testng.internal.TestInvoker.invokeTestMethods(TestInvoker.java:147)
at org.testng.internal.TestMethodWorker.invokeTestMethods(TestMethodWorker.java:146)
at org.testng.internal.TestMethodWorker.run(TestMethodWorker.java:128)
at java.util.ArrayList.forEach(Unknown Source)
at org.testng.TestRunner.privateRun(TestRunner.java:764)
at org.testng.TestRunner.run(TestRunner.java:585)
at org.testng.SuiteRunner.runTest(SuiteRunner.java:384)
at org.testng.SuiteRunner.runSequentially(SuiteRunner.java:378)
at org.testng.SuiteRunner.privateRun(SuiteRunner.java:337)
at org.testng.SuiteRunner.run(SuiteRunner.java:286)
at org.testng.SuiteRunnerWorker.runSuite(SuiteRunnerWorker.java:53)
at org.testng.SuiteRunnerWorker.run(SuiteRunnerWorker.java:96)
at org.testng.TestNG.runSuitesSequentially(TestNG.java:1218)
at org.testng.TestNG.runSuitesLocally(TestNG.java:1140)
at org.testng.TestNG.runSuites(TestNG.java:1069)
at org.testng.TestNG.run(TestNG.java:1037)
at org.testng.remote.AbstractRemoteTestNG.run(AbstractRemoteTestNG.java:115)
at org.testng.remote.RemoteTestNG.initAndRun(RemoteTestNG.java:251)
at org.testng.remote.RemoteTestNG.main(RemoteTestNG.java:77)
]]>
            </full-stacktrace>
          </exception> <!-- org.openqa.selenium.JavascriptException -->
          <reporter-output>
            <line>
              <![CDATA[Go to women section]]>
            </line>
          </reporter-output>
        </test-method> <!-- womensection -->
        <test-method status="PASS" signature="logoutapp()[pri:0, instance:assignmentQATest.assignmentQAlogintest@e52dcd]" name="logoutapp" is-config="true" duration-ms="1" started-at="2020-09-28T11:26:57 IST" finished-at="2020-09-28T11:26:57 IST">
          <reporter-output>
            <line>
              <![CDATA[Logout from app]]>
            </line>
          </reporter-output>
        </test-method> <!-- logoutapp -->
        <test-method status="PASS" signature="closebrowser()[pri:0, instance:assignmentQATest.assignmentQAlogintest@e52dcd]" name="closebrowser" is-config="true" duration-ms="3" started-at="2020-09-28T11:26:57 IST" finished-at="2020-09-28T11:26:57 IST">
          <reporter-output>
            <line>
              <![CDATA[close browser,true]]>
            </line>
          </reporter-output>
        </test-method> <!-- closebrowser -->
      </class> <!-- assignmentQATest.assignmentQAlogintest -->
    </test> <!-- Default test -->
  </suite> <!-- Default suite -->
</testng-results>
